{"/Users/nicksalvetti/Dropbox/Mac/Documents/springboard/42_section_2/express-jobly/app.js": {"path":"/Users/nicksalvetti/Dropbox/Mac/Documents/springboard/42_section_2/express-jobly/app.js","statementMap":{"0":{"start":{"line":5,"column":16},"end":{"line":5,"column":34}},"1":{"start":{"line":6,"column":13},"end":{"line":6,"column":28}},"2":{"start":{"line":8,"column":26},"end":{"line":8,"column":51}},"3":{"start":{"line":10,"column":28},"end":{"line":10,"column":56}},"4":{"start":{"line":11,"column":19},"end":{"line":11,"column":43}},"5":{"start":{"line":12,"column":24},"end":{"line":12,"column":53}},"6":{"start":{"line":13,"column":20},"end":{"line":13,"column":45}},"7":{"start":{"line":15,"column":15},"end":{"line":15,"column":32}},"8":{"start":{"line":17,"column":12},"end":{"line":17,"column":21}},"9":{"start":{"line":19,"column":0},"end":{"line":19,"column":16}},"10":{"start":{"line":20,"column":0},"end":{"line":20,"column":24}},"11":{"start":{"line":21,"column":0},"end":{"line":21,"column":24}},"12":{"start":{"line":22,"column":0},"end":{"line":22,"column":25}},"13":{"start":{"line":24,"column":0},"end":{"line":24,"column":29}},"14":{"start":{"line":25,"column":0},"end":{"line":25,"column":39}},"15":{"start":{"line":26,"column":0},"end":{"line":26,"column":31}},"16":{"start":{"line":30,"column":0},"end":{"line":32,"column":3}},"17":{"start":{"line":31,"column":2},"end":{"line":31,"column":35}},"18":{"start":{"line":35,"column":0},"end":{"line":43,"column":3}},"19":{"start":{"line":36,"column":2},"end":{"line":36,"column":64}},"20":{"start":{"line":36,"column":39},"end":{"line":36,"column":64}},"21":{"start":{"line":37,"column":17},"end":{"line":37,"column":34}},"22":{"start":{"line":38,"column":18},"end":{"line":38,"column":29}},"23":{"start":{"line":40,"column":2},"end":{"line":42,"column":5}},"24":{"start":{"line":45,"column":0},"end":{"line":45,"column":21}}},"fnMap":{"0":{"name":"(anonymous_0)","decl":{"start":{"line":30,"column":8},"end":{"line":30,"column":9}},"loc":{"start":{"line":30,"column":34},"end":{"line":32,"column":1}},"line":30},"1":{"name":"(anonymous_1)","decl":{"start":{"line":35,"column":8},"end":{"line":35,"column":9}},"loc":{"start":{"line":35,"column":39},"end":{"line":43,"column":1}},"line":35}},"branchMap":{"0":{"loc":{"start":{"line":36,"column":2},"end":{"line":36,"column":64}},"type":"if","locations":[{"start":{"line":36,"column":2},"end":{"line":36,"column":64}},{"start":{},"end":{}}],"line":36},"1":{"loc":{"start":{"line":37,"column":17},"end":{"line":37,"column":34}},"type":"binary-expr","locations":[{"start":{"line":37,"column":17},"end":{"line":37,"column":27}},{"start":{"line":37,"column":31},"end":{"line":37,"column":34}}],"line":37}},"s":{"0":4,"1":4,"2":4,"3":4,"4":4,"5":4,"6":4,"7":4,"8":4,"9":4,"10":4,"11":4,"12":4,"13":4,"14":4,"15":4,"16":4,"17":2,"18":4,"19":29,"20":1,"21":29,"22":29,"23":29,"24":4},"f":{"0":2,"1":29},"b":{"0":[1,28],"1":[29,1]},"_coverageSchema":"1a1c01bbd47fc00a2c39e90264f33305004495a9","hash":"672b8e55290df5cb288b6b182d95784bf01dc9b4"}
,"/Users/nicksalvetti/Dropbox/Mac/Documents/springboard/42_section_2/express-jobly/config.js": {"path":"/Users/nicksalvetti/Dropbox/Mac/Documents/springboard/42_section_2/express-jobly/config.js","statementMap":{"0":{"start":{"line":5,"column":0},"end":{"line":5,"column":27}},"1":{"start":{"line":6,"column":0},"end":{"line":6,"column":18}},"2":{"start":{"line":8,"column":19},"end":{"line":8,"column":57}},"3":{"start":{"line":10,"column":13},"end":{"line":10,"column":38}},"4":{"start":{"line":12,"column":15},"end":{"line":12,"column":31}},"5":{"start":{"line":13,"column":11},"end":{"line":13,"column":18}},"6":{"start":{"line":17,"column":1},"end":{"line":19,"column":23}},"7":{"start":{"line":25,"column":27},"end":{"line":25,"column":67}},"8":{"start":{"line":27,"column":0},"end":{"line":27,"column":35}},"9":{"start":{"line":28,"column":0},"end":{"line":28,"column":44}},"10":{"start":{"line":29,"column":0},"end":{"line":29,"column":43}},"11":{"start":{"line":30,"column":0},"end":{"line":30,"column":59}},"12":{"start":{"line":31,"column":0},"end":{"line":31,"column":48}},"13":{"start":{"line":32,"column":0},"end":{"line":32,"column":19}},"14":{"start":{"line":34,"column":0},"end":{"line":39,"column":2}}},"fnMap":{"0":{"name":"getDatabaseUri","decl":{"start":{"line":16,"column":9},"end":{"line":16,"column":23}},"loc":{"start":{"line":16,"column":26},"end":{"line":20,"column":1}},"line":16}},"branchMap":{"0":{"loc":{"start":{"line":8,"column":19},"end":{"line":8,"column":57}},"type":"binary-expr","locations":[{"start":{"line":8,"column":19},"end":{"line":8,"column":41}},{"start":{"line":8,"column":45},"end":{"line":8,"column":57}}],"line":8},"1":{"loc":{"start":{"line":10,"column":13},"end":{"line":10,"column":38}},"type":"binary-expr","locations":[{"start":{"line":10,"column":13},"end":{"line":10,"column":30}},{"start":{"line":10,"column":34},"end":{"line":10,"column":38}}],"line":10},"2":{"loc":{"start":{"line":17,"column":8},"end":{"line":19,"column":22}},"type":"cond-expr","locations":[{"start":{"line":18,"column":4},"end":{"line":18,"column":27}},{"start":{"line":19,"column":4},"end":{"line":19,"column":22}}],"line":17},"3":{"loc":{"start":{"line":25,"column":27},"end":{"line":25,"column":67}},"type":"cond-expr","locations":[{"start":{"line":25,"column":61},"end":{"line":25,"column":62}},{"start":{"line":25,"column":65},"end":{"line":25,"column":67}}],"line":25}},"s":{"0":10,"1":10,"2":10,"3":10,"4":10,"5":10,"6":18,"7":10,"8":10,"9":10,"10":10,"11":10,"12":10,"13":10,"14":10},"f":{"0":18},"b":{"0":[10,9],"1":[10,9],"2":[16,2],"3":[9,1]},"_coverageSchema":"1a1c01bbd47fc00a2c39e90264f33305004495a9","hash":"f01fa96be130f36cb44e0fb1a2b1b480ad905ab5"}
,"/Users/nicksalvetti/Dropbox/Mac/Documents/springboard/42_section_2/express-jobly/db.js": {"path":"/Users/nicksalvetti/Dropbox/Mac/Documents/springboard/42_section_2/express-jobly/db.js","statementMap":{"0":{"start":{"line":3,"column":19},"end":{"line":3,"column":32}},"1":{"start":{"line":4,"column":27},"end":{"line":4,"column":46}},"2":{"start":{"line":8,"column":0},"end":{"line":19,"column":1}},"3":{"start":{"line":9,"column":2},"end":{"line":14,"column":5}},"4":{"start":{"line":16,"column":2},"end":{"line":18,"column":5}},"5":{"start":{"line":21,"column":0},"end":{"line":21,"column":13}},"6":{"start":{"line":23,"column":0},"end":{"line":23,"column":20}}},"fnMap":{},"branchMap":{"0":{"loc":{"start":{"line":8,"column":0},"end":{"line":19,"column":1}},"type":"if","locations":[{"start":{"line":8,"column":0},"end":{"line":19,"column":1}},{"start":{"line":15,"column":7},"end":{"line":19,"column":1}}],"line":8}},"s":{"0":7,"1":7,"2":7,"3":0,"4":7,"5":7,"6":7},"f":{},"b":{"0":[0,7]},"_coverageSchema":"1a1c01bbd47fc00a2c39e90264f33305004495a9","hash":"823565f930a17bc81682d006557f71c180610709"}
,"/Users/nicksalvetti/Dropbox/Mac/Documents/springboard/42_section_2/express-jobly/expressError.js": {"path":"/Users/nicksalvetti/Dropbox/Mac/Documents/springboard/42_section_2/express-jobly/expressError.js","statementMap":{"0":{"start":{"line":9,"column":4},"end":{"line":9,"column":12}},"1":{"start":{"line":10,"column":4},"end":{"line":10,"column":27}},"2":{"start":{"line":11,"column":4},"end":{"line":11,"column":25}},"3":{"start":{"line":19,"column":4},"end":{"line":19,"column":24}},"4":{"start":{"line":27,"column":4},"end":{"line":27,"column":24}},"5":{"start":{"line":35,"column":4},"end":{"line":35,"column":24}},"6":{"start":{"line":43,"column":4},"end":{"line":43,"column":24}},"7":{"start":{"line":47,"column":0},"end":{"line":53,"column":2}}},"fnMap":{"0":{"name":"(anonymous_0)","decl":{"start":{"line":8,"column":2},"end":{"line":8,"column":3}},"loc":{"start":{"line":8,"column":31},"end":{"line":12,"column":3}},"line":8},"1":{"name":"(anonymous_1)","decl":{"start":{"line":18,"column":2},"end":{"line":18,"column":3}},"loc":{"start":{"line":18,"column":37},"end":{"line":20,"column":3}},"line":18},"2":{"name":"(anonymous_2)","decl":{"start":{"line":26,"column":2},"end":{"line":26,"column":3}},"loc":{"start":{"line":26,"column":40},"end":{"line":28,"column":3}},"line":26},"3":{"name":"(anonymous_3)","decl":{"start":{"line":34,"column":2},"end":{"line":34,"column":3}},"loc":{"start":{"line":34,"column":39},"end":{"line":36,"column":3}},"line":34},"4":{"name":"(anonymous_4)","decl":{"start":{"line":42,"column":2},"end":{"line":42,"column":3}},"loc":{"start":{"line":42,"column":39},"end":{"line":44,"column":3}},"line":42}},"branchMap":{"0":{"loc":{"start":{"line":18,"column":14},"end":{"line":18,"column":35}},"type":"default-arg","locations":[{"start":{"line":18,"column":24},"end":{"line":18,"column":35}}],"line":18},"1":{"loc":{"start":{"line":26,"column":14},"end":{"line":26,"column":38}},"type":"default-arg","locations":[{"start":{"line":26,"column":24},"end":{"line":26,"column":38}}],"line":26},"2":{"loc":{"start":{"line":34,"column":14},"end":{"line":34,"column":37}},"type":"default-arg","locations":[{"start":{"line":34,"column":24},"end":{"line":34,"column":37}}],"line":34},"3":{"loc":{"start":{"line":42,"column":14},"end":{"line":42,"column":37}},"type":"default-arg","locations":[{"start":{"line":42,"column":24},"end":{"line":42,"column":37}}],"line":42}},"s":{"0":48,"1":48,"2":48,"3":19,"4":12,"5":17,"6":0,"7":9},"f":{"0":48,"1":19,"2":12,"3":17,"4":0},"b":{"0":[2],"1":[8],"2":[0],"3":[0]},"_coverageSchema":"1a1c01bbd47fc00a2c39e90264f33305004495a9","hash":"8ce82da0709409398a066dc7b6a39a4a88d9ab25"}
,"/Users/nicksalvetti/Dropbox/Mac/Documents/springboard/42_section_2/express-jobly/helpers/sql.js": {"path":"/Users/nicksalvetti/Dropbox/Mac/Documents/springboard/42_section_2/express-jobly/helpers/sql.js","statementMap":{"0":{"start":{"line":1,"column":28},"end":{"line":1,"column":54}},"1":{"start":{"line":21,"column":15},"end":{"line":21,"column":40}},"2":{"start":{"line":22,"column":2},"end":{"line":22,"column":62}},"3":{"start":{"line":22,"column":25},"end":{"line":22,"column":62}},"4":{"start":{"line":25,"column":15},"end":{"line":27,"column":3}},"5":{"start":{"line":26,"column":6},"end":{"line":26,"column":52}},"6":{"start":{"line":29,"column":2},"end":{"line":32,"column":4}},"7":{"start":{"line":35,"column":0},"end":{"line":35,"column":41}}},"fnMap":{"0":{"name":"sqlForPartialUpdate","decl":{"start":{"line":20,"column":9},"end":{"line":20,"column":28}},"loc":{"start":{"line":20,"column":52},"end":{"line":33,"column":1}},"line":20},"1":{"name":"(anonymous_1)","decl":{"start":{"line":25,"column":24},"end":{"line":25,"column":25}},"loc":{"start":{"line":26,"column":6},"end":{"line":26,"column":52}},"line":26}},"branchMap":{"0":{"loc":{"start":{"line":22,"column":2},"end":{"line":22,"column":62}},"type":"if","locations":[{"start":{"line":22,"column":2},"end":{"line":22,"column":62}},{"start":{},"end":{}}],"line":22},"1":{"loc":{"start":{"line":26,"column":10},"end":{"line":26,"column":37}},"type":"binary-expr","locations":[{"start":{"line":26,"column":10},"end":{"line":26,"column":26}},{"start":{"line":26,"column":30},"end":{"line":26,"column":37}}],"line":26}},"s":{"0":8,"1":18,"2":18,"3":3,"4":15,"5":30,"6":15,"7":8},"f":{"0":18,"1":30},"b":{"0":[3,15],"1":[30,16]},"_coverageSchema":"1a1c01bbd47fc00a2c39e90264f33305004495a9","hash":"a3d7652f9e2d75eaa98ad07db9a606798edd05a8"}
,"/Users/nicksalvetti/Dropbox/Mac/Documents/springboard/42_section_2/express-jobly/helpers/tokens.js": {"path":"/Users/nicksalvetti/Dropbox/Mac/Documents/springboard/42_section_2/express-jobly/helpers/tokens.js","statementMap":{"0":{"start":{"line":1,"column":12},"end":{"line":1,"column":35}},"1":{"start":{"line":2,"column":23},"end":{"line":2,"column":43}},"2":{"start":{"line":7,"column":2},"end":{"line":8,"column":58}},"3":{"start":{"line":10,"column":16},"end":{"line":13,"column":3}},"4":{"start":{"line":15,"column":2},"end":{"line":15,"column":39}},"5":{"start":{"line":18,"column":0},"end":{"line":18,"column":33}}},"fnMap":{"0":{"name":"createToken","decl":{"start":{"line":6,"column":9},"end":{"line":6,"column":20}},"loc":{"start":{"line":6,"column":27},"end":{"line":16,"column":1}},"line":6}},"branchMap":{"0":{"loc":{"start":{"line":12,"column":13},"end":{"line":12,"column":34}},"type":"binary-expr","locations":[{"start":{"line":12,"column":13},"end":{"line":12,"column":25}},{"start":{"line":12,"column":29},"end":{"line":12,"column":34}}],"line":12}},"s":{"0":5,"1":5,"2":16,"3":16,"4":16,"5":5},"f":{"0":16},"b":{"0":[16,11]},"_coverageSchema":"1a1c01bbd47fc00a2c39e90264f33305004495a9","hash":"48d95ee1772ab6267eac1896357abf0b36687a37"}
,"/Users/nicksalvetti/Dropbox/Mac/Documents/springboard/42_section_2/express-jobly/middleware/auth.js": {"path":"/Users/nicksalvetti/Dropbox/Mac/Documents/springboard/42_section_2/express-jobly/middleware/auth.js","statementMap":{"0":{"start":{"line":5,"column":12},"end":{"line":5,"column":35}},"1":{"start":{"line":6,"column":23},"end":{"line":6,"column":43}},"2":{"start":{"line":7,"column":30},"end":{"line":7,"column":56}},"3":{"start":{"line":19,"column":2},"end":{"line":28,"column":3}},"4":{"start":{"line":20,"column":23},"end":{"line":20,"column":63}},"5":{"start":{"line":21,"column":4},"end":{"line":24,"column":5}},"6":{"start":{"line":22,"column":20},"end":{"line":22,"column":64}},"7":{"start":{"line":23,"column":6},"end":{"line":23,"column":54}},"8":{"start":{"line":25,"column":4},"end":{"line":25,"column":18}},"9":{"start":{"line":27,"column":4},"end":{"line":27,"column":18}},"10":{"start":{"line":37,"column":2},"end":{"line":42,"column":3}},"11":{"start":{"line":38,"column":4},"end":{"line":38,"column":56}},"12":{"start":{"line":38,"column":26},"end":{"line":38,"column":56}},"13":{"start":{"line":39,"column":4},"end":{"line":39,"column":18}},"14":{"start":{"line":41,"column":4},"end":{"line":41,"column":21}},"15":{"start":{"line":46,"column":0},"end":{"line":49,"column":2}}},"fnMap":{"0":{"name":"authenticateJWT","decl":{"start":{"line":18,"column":9},"end":{"line":18,"column":24}},"loc":{"start":{"line":18,"column":41},"end":{"line":29,"column":1}},"line":18},"1":{"name":"ensureLoggedIn","decl":{"start":{"line":36,"column":9},"end":{"line":36,"column":23}},"loc":{"start":{"line":36,"column":40},"end":{"line":43,"column":1}},"line":36}},"branchMap":{"0":{"loc":{"start":{"line":20,"column":23},"end":{"line":20,"column":63}},"type":"binary-expr","locations":[{"start":{"line":20,"column":23},"end":{"line":20,"column":34}},{"start":{"line":20,"column":38},"end":{"line":20,"column":63}}],"line":20},"1":{"loc":{"start":{"line":21,"column":4},"end":{"line":24,"column":5}},"type":"if","locations":[{"start":{"line":21,"column":4},"end":{"line":24,"column":5}},{"start":{},"end":{}}],"line":21},"2":{"loc":{"start":{"line":38,"column":4},"end":{"line":38,"column":56}},"type":"if","locations":[{"start":{"line":38,"column":4},"end":{"line":38,"column":56}},{"start":{},"end":{}}],"line":38}},"s":{"0":5,"1":5,"2":5,"3":48,"4":48,"5":48,"6":27,"7":27,"8":47,"9":1,"10":33,"11":33,"12":8,"13":25,"14":8,"15":5},"f":{"0":48,"1":33},"b":{"0":[48,47],"1":[27,21],"2":[8,25]},"_coverageSchema":"1a1c01bbd47fc00a2c39e90264f33305004495a9","hash":"be1d55299fef7e26561f0a8e8a7eee143826885d"}
,"/Users/nicksalvetti/Dropbox/Mac/Documents/springboard/42_section_2/express-jobly/models/_testCommon.js": {"path":"/Users/nicksalvetti/Dropbox/Mac/Documents/springboard/42_section_2/express-jobly/models/_testCommon.js","statementMap":{"0":{"start":{"line":1,"column":15},"end":{"line":1,"column":32}},"1":{"start":{"line":3,"column":11},"end":{"line":3,"column":30}},"2":{"start":{"line":4,"column":31},"end":{"line":4,"column":51}},"3":{"start":{"line":6,"column":19},"end":{"line":6,"column":21}},"4":{"start":{"line":10,"column":2},"end":{"line":10,"column":42}},"5":{"start":{"line":12,"column":2},"end":{"line":12,"column":38}},"6":{"start":{"line":14,"column":2},"end":{"line":18,"column":55}},"7":{"start":{"line":20,"column":22},"end":{"line":26,"column":18}},"8":{"start":{"line":27,"column":2},"end":{"line":27,"column":62}},"9":{"start":{"line":27,"column":55},"end":{"line":27,"column":59}},"10":{"start":{"line":29,"column":2},"end":{"line":41,"column":9}},"11":{"start":{"line":43,"column":2},"end":{"line":46,"column":23}},"12":{"start":{"line":50,"column":2},"end":{"line":50,"column":26}},"13":{"start":{"line":54,"column":2},"end":{"line":54,"column":29}},"14":{"start":{"line":58,"column":2},"end":{"line":58,"column":17}},"15":{"start":{"line":62,"column":0},"end":{"line":68,"column":2}}},"fnMap":{"0":{"name":"commonBeforeAll","decl":{"start":{"line":8,"column":15},"end":{"line":8,"column":30}},"loc":{"start":{"line":8,"column":33},"end":{"line":47,"column":1}},"line":8},"1":{"name":"(anonymous_1)","decl":{"start":{"line":27,"column":50},"end":{"line":27,"column":51}},"loc":{"start":{"line":27,"column":55},"end":{"line":27,"column":59}},"line":27},"2":{"name":"commonBeforeEach","decl":{"start":{"line":49,"column":15},"end":{"line":49,"column":31}},"loc":{"start":{"line":49,"column":34},"end":{"line":51,"column":1}},"line":49},"3":{"name":"commonAfterEach","decl":{"start":{"line":53,"column":15},"end":{"line":53,"column":30}},"loc":{"start":{"line":53,"column":33},"end":{"line":55,"column":1}},"line":53},"4":{"name":"commonAfterAll","decl":{"start":{"line":57,"column":15},"end":{"line":57,"column":29}},"loc":{"start":{"line":57,"column":32},"end":{"line":59,"column":1}},"line":57}},"branchMap":{},"s":{"0":3,"1":3,"2":3,"3":3,"4":3,"5":3,"6":3,"7":3,"8":3,"9":12,"10":3,"11":3,"12":48,"13":48,"14":3,"15":3},"f":{"0":3,"1":12,"2":48,"3":48,"4":3},"b":{},"_coverageSchema":"1a1c01bbd47fc00a2c39e90264f33305004495a9","hash":"2cb7e9d1883119cf83c38c8c4ac74138b9953d5f"}
,"/Users/nicksalvetti/Dropbox/Mac/Documents/springboard/42_section_2/express-jobly/models/company.js": {"path":"/Users/nicksalvetti/Dropbox/Mac/Documents/springboard/42_section_2/express-jobly/models/company.js","statementMap":{"0":{"start":{"line":3,"column":11},"end":{"line":3,"column":27}},"1":{"start":{"line":4,"column":43},"end":{"line":4,"column":69}},"2":{"start":{"line":5,"column":32},"end":{"line":5,"column":57}},"3":{"start":{"line":20,"column":27},"end":{"line":24,"column":17}},"4":{"start":{"line":26,"column":4},"end":{"line":27,"column":64}},"5":{"start":{"line":27,"column":6},"end":{"line":27,"column":64}},"6":{"start":{"line":29,"column":19},"end":{"line":41,"column":5}},"7":{"start":{"line":42,"column":20},"end":{"line":42,"column":34}},"8":{"start":{"line":44,"column":4},"end":{"line":44,"column":19}},"9":{"start":{"line":58,"column":16},"end":{"line":63,"column":32}},"10":{"start":{"line":64,"column":27},"end":{"line":64,"column":29}},"11":{"start":{"line":65,"column":22},"end":{"line":65,"column":24}},"12":{"start":{"line":67,"column":49},"end":{"line":67,"column":62}},"13":{"start":{"line":69,"column":4},"end":{"line":71,"column":5}},"14":{"start":{"line":70,"column":6},"end":{"line":70,"column":76}},"15":{"start":{"line":76,"column":4},"end":{"line":79,"column":5}},"16":{"start":{"line":77,"column":6},"end":{"line":77,"column":37}},"17":{"start":{"line":78,"column":6},"end":{"line":78,"column":71}},"18":{"start":{"line":81,"column":4},"end":{"line":84,"column":5}},"19":{"start":{"line":82,"column":6},"end":{"line":82,"column":37}},"20":{"start":{"line":83,"column":6},"end":{"line":83,"column":71}},"21":{"start":{"line":86,"column":4},"end":{"line":89,"column":5}},"22":{"start":{"line":87,"column":6},"end":{"line":87,"column":36}},"23":{"start":{"line":88,"column":6},"end":{"line":88,"column":65}},"24":{"start":{"line":91,"column":4},"end":{"line":93,"column":5}},"25":{"start":{"line":92,"column":6},"end":{"line":92,"column":58}},"26":{"start":{"line":97,"column":4},"end":{"line":97,"column":30}},"27":{"start":{"line":98,"column":25},"end":{"line":98,"column":59}},"28":{"start":{"line":99,"column":4},"end":{"line":99,"column":29}},"29":{"start":{"line":111,"column":23},"end":{"line":119,"column":17}},"30":{"start":{"line":121,"column":20},"end":{"line":121,"column":38}},"31":{"start":{"line":123,"column":4},"end":{"line":123,"column":67}},"32":{"start":{"line":123,"column":18},"end":{"line":123,"column":67}},"33":{"start":{"line":125,"column":20},"end":{"line":131,"column":5}},"34":{"start":{"line":133,"column":4},"end":{"line":133,"column":32}},"35":{"start":{"line":135,"column":4},"end":{"line":135,"column":19}},"36":{"start":{"line":151,"column":32},"end":{"line":156,"column":10}},"37":{"start":{"line":157,"column":25},"end":{"line":157,"column":50}},"38":{"start":{"line":159,"column":21},"end":{"line":166,"column":54}},"39":{"start":{"line":167,"column":19},"end":{"line":167,"column":64}},"40":{"start":{"line":168,"column":20},"end":{"line":168,"column":34}},"41":{"start":{"line":170,"column":4},"end":{"line":170,"column":67}},"42":{"start":{"line":170,"column":18},"end":{"line":170,"column":67}},"43":{"start":{"line":172,"column":4},"end":{"line":172,"column":19}},"44":{"start":{"line":181,"column":19},"end":{"line":186,"column":17}},"45":{"start":{"line":187,"column":20},"end":{"line":187,"column":34}},"46":{"start":{"line":189,"column":4},"end":{"line":189,"column":67}},"47":{"start":{"line":189,"column":18},"end":{"line":189,"column":67}},"48":{"start":{"line":194,"column":0},"end":{"line":194,"column":25}}},"fnMap":{"0":{"name":"(anonymous_0)","decl":{"start":{"line":19,"column":2},"end":{"line":19,"column":3}},"loc":{"start":{"line":19,"column":76},"end":{"line":45,"column":3}},"line":19},"1":{"name":"(anonymous_1)","decl":{"start":{"line":57,"column":2},"end":{"line":57,"column":3}},"loc":{"start":{"line":57,"column":43},"end":{"line":100,"column":3}},"line":57},"2":{"name":"(anonymous_2)","decl":{"start":{"line":110,"column":2},"end":{"line":110,"column":3}},"loc":{"start":{"line":110,"column":27},"end":{"line":136,"column":3}},"line":110},"3":{"name":"(anonymous_3)","decl":{"start":{"line":150,"column":2},"end":{"line":150,"column":3}},"loc":{"start":{"line":150,"column":36},"end":{"line":173,"column":3}},"line":150},"4":{"name":"(anonymous_4)","decl":{"start":{"line":180,"column":2},"end":{"line":180,"column":3}},"loc":{"start":{"line":180,"column":30},"end":{"line":190,"column":3}},"line":180}},"branchMap":{"0":{"loc":{"start":{"line":26,"column":4},"end":{"line":27,"column":64}},"type":"if","locations":[{"start":{"line":26,"column":4},"end":{"line":27,"column":64}},{"start":{},"end":{}}],"line":26},"1":{"loc":{"start":{"line":57,"column":23},"end":{"line":57,"column":41}},"type":"default-arg","locations":[{"start":{"line":57,"column":39},"end":{"line":57,"column":41}}],"line":57},"2":{"loc":{"start":{"line":69,"column":4},"end":{"line":71,"column":5}},"type":"if","locations":[{"start":{"line":69,"column":4},"end":{"line":71,"column":5}},{"start":{},"end":{}}],"line":69},"3":{"loc":{"start":{"line":76,"column":4},"end":{"line":79,"column":5}},"type":"if","locations":[{"start":{"line":76,"column":4},"end":{"line":79,"column":5}},{"start":{},"end":{}}],"line":76},"4":{"loc":{"start":{"line":81,"column":4},"end":{"line":84,"column":5}},"type":"if","locations":[{"start":{"line":81,"column":4},"end":{"line":84,"column":5}},{"start":{},"end":{}}],"line":81},"5":{"loc":{"start":{"line":86,"column":4},"end":{"line":89,"column":5}},"type":"if","locations":[{"start":{"line":86,"column":4},"end":{"line":89,"column":5}},{"start":{},"end":{}}],"line":86},"6":{"loc":{"start":{"line":91,"column":4},"end":{"line":93,"column":5}},"type":"if","locations":[{"start":{"line":91,"column":4},"end":{"line":93,"column":5}},{"start":{},"end":{}}],"line":91},"7":{"loc":{"start":{"line":123,"column":4},"end":{"line":123,"column":67}},"type":"if","locations":[{"start":{"line":123,"column":4},"end":{"line":123,"column":67}},{"start":{},"end":{}}],"line":123},"8":{"loc":{"start":{"line":170,"column":4},"end":{"line":170,"column":67}},"type":"if","locations":[{"start":{"line":170,"column":4},"end":{"line":170,"column":67}},{"start":{},"end":{}}],"line":170},"9":{"loc":{"start":{"line":189,"column":4},"end":{"line":189,"column":67}},"type":"if","locations":[{"start":{"line":189,"column":4},"end":{"line":189,"column":67}},{"start":{},"end":{}}],"line":189}},"s":{"0":5,"1":5,"2":5,"3":13,"4":13,"5":1,"6":12,"7":12,"8":12,"9":7,"10":7,"11":7,"12":7,"13":7,"14":1,"15":6,"16":2,"17":2,"18":6,"19":2,"20":2,"21":6,"22":2,"23":2,"24":6,"25":5,"26":6,"27":6,"28":6,"29":5,"30":5,"31":5,"32":2,"33":3,"34":3,"35":3,"36":6,"37":5,"38":5,"39":5,"40":5,"41":5,"42":2,"43":3,"44":5,"45":5,"46":5,"47":2,"48":5},"f":{"0":13,"1":7,"2":5,"3":6,"4":5},"b":{"0":[1,12],"1":[1],"2":[1,6],"3":[2,4],"4":[2,4],"5":[2,4],"6":[5,1],"7":[2,3],"8":[2,3],"9":[2,3]},"_coverageSchema":"1a1c01bbd47fc00a2c39e90264f33305004495a9","hash":"f51082caf1bdc9bae30fd387bad2c08392161a7f"}
,"/Users/nicksalvetti/Dropbox/Mac/Documents/springboard/42_section_2/express-jobly/models/job.js": {"path":"/Users/nicksalvetti/Dropbox/Mac/Documents/springboard/42_section_2/express-jobly/models/job.js","statementMap":{"0":{"start":{"line":3,"column":11},"end":{"line":3,"column":27}},"1":{"start":{"line":4,"column":26},"end":{"line":4,"column":52}},"2":{"start":{"line":5,"column":32},"end":{"line":5,"column":57}},"3":{"start":{"line":18,"column":17},"end":{"line":26,"column":3}},"4":{"start":{"line":27,"column":12},"end":{"line":27,"column":26}},"5":{"start":{"line":29,"column":2},"end":{"line":29,"column":13}},"6":{"start":{"line":43,"column":14},"end":{"line":50,"column":75}},"7":{"start":{"line":51,"column":25},"end":{"line":51,"column":27}},"8":{"start":{"line":52,"column":20},"end":{"line":52,"column":22}},"9":{"start":{"line":57,"column":2},"end":{"line":60,"column":3}},"10":{"start":{"line":58,"column":3},"end":{"line":58,"column":31}},"11":{"start":{"line":59,"column":3},"end":{"line":59,"column":61}},"12":{"start":{"line":62,"column":2},"end":{"line":64,"column":3}},"13":{"start":{"line":63,"column":3},"end":{"line":63,"column":39}},"14":{"start":{"line":66,"column":2},"end":{"line":69,"column":3}},"15":{"start":{"line":67,"column":3},"end":{"line":67,"column":34}},"16":{"start":{"line":68,"column":3},"end":{"line":68,"column":63}},"17":{"start":{"line":71,"column":2},"end":{"line":73,"column":3}},"18":{"start":{"line":72,"column":3},"end":{"line":72,"column":55}},"19":{"start":{"line":77,"column":2},"end":{"line":77,"column":29}},"20":{"start":{"line":78,"column":18},"end":{"line":78,"column":52}},"21":{"start":{"line":79,"column":2},"end":{"line":79,"column":22}},"22":{"start":{"line":91,"column":17},"end":{"line":100,"column":3}},"23":{"start":{"line":102,"column":14},"end":{"line":102,"column":28}},"24":{"start":{"line":104,"column":2},"end":{"line":104,"column":53}},"25":{"start":{"line":104,"column":12},"end":{"line":104,"column":53}},"26":{"start":{"line":106,"column":23},"end":{"line":115,"column":3}},"27":{"start":{"line":117,"column":2},"end":{"line":117,"column":27}},"28":{"start":{"line":118,"column":2},"end":{"line":118,"column":37}},"29":{"start":{"line":120,"column":2},"end":{"line":120,"column":13}},"30":{"start":{"line":136,"column":30},"end":{"line":136,"column":59}},"31":{"start":{"line":137,"column":19},"end":{"line":137,"column":44}},"32":{"start":{"line":139,"column":19},"end":{"line":146,"column":66}},"33":{"start":{"line":147,"column":17},"end":{"line":147,"column":58}},"34":{"start":{"line":148,"column":14},"end":{"line":148,"column":28}},"35":{"start":{"line":150,"column":2},"end":{"line":150,"column":53}},"36":{"start":{"line":150,"column":12},"end":{"line":150,"column":53}},"37":{"start":{"line":152,"column":2},"end":{"line":152,"column":13}},"38":{"start":{"line":161,"column":17},"end":{"line":167,"column":3}},"39":{"start":{"line":168,"column":14},"end":{"line":168,"column":28}},"40":{"start":{"line":170,"column":2},"end":{"line":170,"column":53}},"41":{"start":{"line":170,"column":12},"end":{"line":170,"column":53}},"42":{"start":{"line":174,"column":0},"end":{"line":174,"column":21}}},"fnMap":{"0":{"name":"(anonymous_0)","decl":{"start":{"line":17,"column":1},"end":{"line":17,"column":2}},"loc":{"start":{"line":17,"column":27},"end":{"line":30,"column":2}},"line":17},"1":{"name":"(anonymous_1)","decl":{"start":{"line":42,"column":1},"end":{"line":42,"column":2}},"loc":{"start":{"line":42,"column":60},"end":{"line":80,"column":2}},"line":42},"2":{"name":"(anonymous_2)","decl":{"start":{"line":90,"column":1},"end":{"line":90,"column":2}},"loc":{"start":{"line":90,"column":22},"end":{"line":121,"column":2}},"line":90},"3":{"name":"(anonymous_3)","decl":{"start":{"line":135,"column":1},"end":{"line":135,"column":2}},"loc":{"start":{"line":135,"column":31},"end":{"line":153,"column":2}},"line":135},"4":{"name":"(anonymous_4)","decl":{"start":{"line":160,"column":1},"end":{"line":160,"column":2}},"loc":{"start":{"line":160,"column":25},"end":{"line":171,"column":2}},"line":160}},"branchMap":{"0":{"loc":{"start":{"line":42,"column":22},"end":{"line":42,"column":58}},"type":"default-arg","locations":[{"start":{"line":42,"column":56},"end":{"line":42,"column":58}}],"line":42},"1":{"loc":{"start":{"line":57,"column":2},"end":{"line":60,"column":3}},"type":"if","locations":[{"start":{"line":57,"column":2},"end":{"line":60,"column":3}},{"start":{},"end":{}}],"line":57},"2":{"loc":{"start":{"line":62,"column":2},"end":{"line":64,"column":3}},"type":"if","locations":[{"start":{"line":62,"column":2},"end":{"line":64,"column":3}},{"start":{},"end":{}}],"line":62},"3":{"loc":{"start":{"line":66,"column":2},"end":{"line":69,"column":3}},"type":"if","locations":[{"start":{"line":66,"column":2},"end":{"line":69,"column":3}},{"start":{},"end":{}}],"line":66},"4":{"loc":{"start":{"line":71,"column":2},"end":{"line":73,"column":3}},"type":"if","locations":[{"start":{"line":71,"column":2},"end":{"line":73,"column":3}},{"start":{},"end":{}}],"line":71},"5":{"loc":{"start":{"line":104,"column":2},"end":{"line":104,"column":53}},"type":"if","locations":[{"start":{"line":104,"column":2},"end":{"line":104,"column":53}},{"start":{},"end":{}}],"line":104},"6":{"loc":{"start":{"line":150,"column":2},"end":{"line":150,"column":53}},"type":"if","locations":[{"start":{"line":150,"column":2},"end":{"line":150,"column":53}},{"start":{},"end":{}}],"line":150},"7":{"loc":{"start":{"line":170,"column":2},"end":{"line":170,"column":53}},"type":"if","locations":[{"start":{"line":170,"column":2},"end":{"line":170,"column":53}},{"start":{},"end":{}}],"line":170}},"s":{"0":4,"1":4,"2":4,"3":10,"4":10,"5":10,"6":5,"7":5,"8":5,"9":5,"10":2,"11":2,"12":5,"13":2,"14":5,"15":1,"16":1,"17":5,"18":4,"19":5,"20":5,"21":5,"22":2,"23":2,"24":2,"25":1,"26":1,"27":1,"28":1,"29":1,"30":3,"31":2,"32":2,"33":2,"34":2,"35":2,"36":1,"37":1,"38":2,"39":2,"40":2,"41":1,"42":4},"f":{"0":10,"1":5,"2":2,"3":3,"4":2},"b":{"0":[1],"1":[2,3],"2":[2,3],"3":[1,4],"4":[4,1],"5":[1,1],"6":[1,1],"7":[1,1]},"_coverageSchema":"1a1c01bbd47fc00a2c39e90264f33305004495a9","hash":"357c01f44dc39d9e7197fad0401cfe56235f0887"}
,"/Users/nicksalvetti/Dropbox/Mac/Documents/springboard/42_section_2/express-jobly/models/user.js": {"path":"/Users/nicksalvetti/Dropbox/Mac/Documents/springboard/42_section_2/express-jobly/models/user.js","statementMap":{"0":{"start":{"line":3,"column":11},"end":{"line":3,"column":27}},"1":{"start":{"line":4,"column":15},"end":{"line":4,"column":32}},"2":{"start":{"line":5,"column":32},"end":{"line":5,"column":57}},"3":{"start":{"line":10,"column":4},"end":{"line":10,"column":30}},"4":{"start":{"line":12,"column":31},"end":{"line":12,"column":54}},"5":{"start":{"line":26,"column":19},"end":{"line":36,"column":5}},"6":{"start":{"line":38,"column":17},"end":{"line":38,"column":31}},"7":{"start":{"line":40,"column":4},"end":{"line":47,"column":5}},"8":{"start":{"line":42,"column":22},"end":{"line":42,"column":67}},"9":{"start":{"line":43,"column":6},"end":{"line":46,"column":7}},"10":{"start":{"line":44,"column":8},"end":{"line":44,"column":29}},"11":{"start":{"line":45,"column":8},"end":{"line":45,"column":20}},"12":{"start":{"line":49,"column":4},"end":{"line":49,"column":61}},"13":{"start":{"line":61,"column":27},"end":{"line":66,"column":5}},"14":{"start":{"line":68,"column":4},"end":{"line":70,"column":5}},"15":{"start":{"line":69,"column":6},"end":{"line":69,"column":67}},"16":{"start":{"line":72,"column":27},"end":{"line":72,"column":74}},"17":{"start":{"line":74,"column":19},"end":{"line":92,"column":5}},"18":{"start":{"line":94,"column":17},"end":{"line":94,"column":31}},"19":{"start":{"line":96,"column":4},"end":{"line":96,"column":16}},"20":{"start":{"line":105,"column":19},"end":{"line":113,"column":5}},"21":{"start":{"line":115,"column":4},"end":{"line":115,"column":23}},"22":{"start":{"line":127,"column":20},"end":{"line":136,"column":5}},"23":{"start":{"line":138,"column":17},"end":{"line":138,"column":32}},"24":{"start":{"line":140,"column":4},"end":{"line":140,"column":63}},"25":{"start":{"line":140,"column":15},"end":{"line":140,"column":63}},"26":{"start":{"line":142,"column":32},"end":{"line":145,"column":46}},"27":{"start":{"line":147,"column":4},"end":{"line":147,"column":68}},"28":{"start":{"line":147,"column":58},"end":{"line":147,"column":66}},"29":{"start":{"line":148,"column":4},"end":{"line":148,"column":16}},"30":{"start":{"line":169,"column":4},"end":{"line":171,"column":5}},"31":{"start":{"line":170,"column":6},"end":{"line":170,"column":75}},"32":{"start":{"line":173,"column":32},"end":{"line":179,"column":10}},"33":{"start":{"line":180,"column":27},"end":{"line":180,"column":52}},"34":{"start":{"line":182,"column":21},"end":{"line":189,"column":54}},"35":{"start":{"line":190,"column":19},"end":{"line":190,"column":66}},"36":{"start":{"line":191,"column":17},"end":{"line":191,"column":31}},"37":{"start":{"line":193,"column":4},"end":{"line":193,"column":63}},"38":{"start":{"line":193,"column":15},"end":{"line":193,"column":63}},"39":{"start":{"line":195,"column":4},"end":{"line":195,"column":25}},"40":{"start":{"line":196,"column":4},"end":{"line":196,"column":16}},"41":{"start":{"line":202,"column":17},"end":{"line":208,"column":5}},"42":{"start":{"line":209,"column":17},"end":{"line":209,"column":31}},"43":{"start":{"line":211,"column":4},"end":{"line":211,"column":63}},"44":{"start":{"line":211,"column":15},"end":{"line":211,"column":63}},"45":{"start":{"line":221,"column":21},"end":{"line":224,"column":35}},"46":{"start":{"line":225,"column":16},"end":{"line":225,"column":32}},"47":{"start":{"line":227,"column":4},"end":{"line":227,"column":58}},"48":{"start":{"line":227,"column":14},"end":{"line":227,"column":58}},"49":{"start":{"line":229,"column":22},"end":{"line":232,"column":44}},"50":{"start":{"line":233,"column":17},"end":{"line":233,"column":34}},"51":{"start":{"line":235,"column":4},"end":{"line":235,"column":67}},"52":{"start":{"line":235,"column":15},"end":{"line":235,"column":67}},"53":{"start":{"line":237,"column":4},"end":{"line":240,"column":27}},"54":{"start":{"line":245,"column":0},"end":{"line":245,"column":22}}},"fnMap":{"0":{"name":"(anonymous_0)","decl":{"start":{"line":24,"column":2},"end":{"line":24,"column":3}},"loc":{"start":{"line":24,"column":48},"end":{"line":50,"column":3}},"line":24},"1":{"name":"(anonymous_1)","decl":{"start":{"line":59,"column":2},"end":{"line":59,"column":3}},"loc":{"start":{"line":60,"column":67},"end":{"line":97,"column":3}},"line":60},"2":{"name":"(anonymous_2)","decl":{"start":{"line":104,"column":2},"end":{"line":104,"column":3}},"loc":{"start":{"line":104,"column":25},"end":{"line":116,"column":3}},"line":104},"3":{"name":"(anonymous_3)","decl":{"start":{"line":126,"column":2},"end":{"line":126,"column":3}},"loc":{"start":{"line":126,"column":29},"end":{"line":149,"column":3}},"line":126},"4":{"name":"(anonymous_4)","decl":{"start":{"line":147,"column":53},"end":{"line":147,"column":54}},"loc":{"start":{"line":147,"column":58},"end":{"line":147,"column":66}},"line":147},"5":{"name":"(anonymous_5)","decl":{"start":{"line":168,"column":2},"end":{"line":168,"column":3}},"loc":{"start":{"line":168,"column":38},"end":{"line":197,"column":3}},"line":168},"6":{"name":"(anonymous_6)","decl":{"start":{"line":201,"column":2},"end":{"line":201,"column":3}},"loc":{"start":{"line":201,"column":32},"end":{"line":212,"column":3}},"line":201},"7":{"name":"(anonymous_7)","decl":{"start":{"line":220,"column":2},"end":{"line":220,"column":3}},"loc":{"start":{"line":220,"column":43},"end":{"line":241,"column":3}},"line":220}},"branchMap":{"0":{"loc":{"start":{"line":40,"column":4},"end":{"line":47,"column":5}},"type":"if","locations":[{"start":{"line":40,"column":4},"end":{"line":47,"column":5}},{"start":{},"end":{}}],"line":40},"1":{"loc":{"start":{"line":43,"column":6},"end":{"line":46,"column":7}},"type":"if","locations":[{"start":{"line":43,"column":6},"end":{"line":46,"column":7}},{"start":{},"end":{}}],"line":43},"2":{"loc":{"start":{"line":68,"column":4},"end":{"line":70,"column":5}},"type":"if","locations":[{"start":{"line":68,"column":4},"end":{"line":70,"column":5}},{"start":{},"end":{}}],"line":68},"3":{"loc":{"start":{"line":140,"column":4},"end":{"line":140,"column":63}},"type":"if","locations":[{"start":{"line":140,"column":4},"end":{"line":140,"column":63}},{"start":{},"end":{}}],"line":140},"4":{"loc":{"start":{"line":169,"column":4},"end":{"line":171,"column":5}},"type":"if","locations":[{"start":{"line":169,"column":4},"end":{"line":171,"column":5}},{"start":{},"end":{}}],"line":169},"5":{"loc":{"start":{"line":193,"column":4},"end":{"line":193,"column":63}},"type":"if","locations":[{"start":{"line":193,"column":4},"end":{"line":193,"column":63}},{"start":{},"end":{}}],"line":193},"6":{"loc":{"start":{"line":211,"column":4},"end":{"line":211,"column":63}},"type":"if","locations":[{"start":{"line":211,"column":4},"end":{"line":211,"column":63}},{"start":{},"end":{}}],"line":211},"7":{"loc":{"start":{"line":227,"column":4},"end":{"line":227,"column":58}},"type":"if","locations":[{"start":{"line":227,"column":4},"end":{"line":227,"column":58}},{"start":{},"end":{}}],"line":227},"8":{"loc":{"start":{"line":235,"column":4},"end":{"line":235,"column":67}},"type":"if","locations":[{"start":{"line":235,"column":4},"end":{"line":235,"column":67}},{"start":{},"end":{}}],"line":235}},"s":{"0":5,"1":5,"2":5,"3":5,"4":5,"5":7,"6":7,"7":7,"8":4,"9":4,"10":3,"11":3,"12":4,"13":16,"14":16,"15":1,"16":15,"17":15,"18":15,"19":15,"20":3,"21":2,"22":4,"23":4,"24":4,"25":2,"26":2,"27":2,"28":2,"29":2,"30":7,"31":2,"32":7,"33":6,"34":6,"35":6,"36":6,"37":6,"38":2,"39":4,"40":4,"41":4,"42":4,"43":4,"44":2,"45":6,"46":6,"47":6,"48":1,"49":5,"50":5,"51":5,"52":1,"53":4,"54":5},"f":{"0":7,"1":16,"2":3,"3":4,"4":2,"5":7,"6":4,"7":6},"b":{"0":[4,3],"1":[3,1],"2":[1,15],"3":[2,2],"4":[2,5],"5":[2,4],"6":[2,2],"7":[1,5],"8":[1,4]},"_coverageSchema":"1a1c01bbd47fc00a2c39e90264f33305004495a9","hash":"02043fad4be9a5c7cc5c53c9c2a684859519f9e2"}
,"/Users/nicksalvetti/Dropbox/Mac/Documents/springboard/42_section_2/express-jobly/routes/_testCommon.js": {"path":"/Users/nicksalvetti/Dropbox/Mac/Documents/springboard/42_section_2/express-jobly/routes/_testCommon.js","statementMap":{"0":{"start":{"line":3,"column":11},"end":{"line":3,"column":30}},"1":{"start":{"line":4,"column":13},"end":{"line":4,"column":38}},"2":{"start":{"line":5,"column":16},"end":{"line":5,"column":44}},"3":{"start":{"line":6,"column":12},"end":{"line":6,"column":36}},"4":{"start":{"line":7,"column":24},"end":{"line":7,"column":52}},"5":{"start":{"line":9,"column":19},"end":{"line":9,"column":21}},"6":{"start":{"line":13,"column":1},"end":{"line":13,"column":37}},"7":{"start":{"line":15,"column":1},"end":{"line":15,"column":41}},"8":{"start":{"line":17,"column":1},"end":{"line":23,"column":4}},"9":{"start":{"line":24,"column":1},"end":{"line":30,"column":4}},"10":{"start":{"line":31,"column":1},"end":{"line":37,"column":4}},"11":{"start":{"line":39,"column":1},"end":{"line":46,"column":6}},"12":{"start":{"line":47,"column":1},"end":{"line":54,"column":6}},"13":{"start":{"line":55,"column":1},"end":{"line":61,"column":6}},"14":{"start":{"line":63,"column":1},"end":{"line":70,"column":4}},"15":{"start":{"line":71,"column":1},"end":{"line":78,"column":4}},"16":{"start":{"line":79,"column":1},"end":{"line":86,"column":4}},"17":{"start":{"line":88,"column":1},"end":{"line":88,"column":44}},"18":{"start":{"line":92,"column":1},"end":{"line":92,"column":25}},"19":{"start":{"line":96,"column":1},"end":{"line":96,"column":28}},"20":{"start":{"line":100,"column":1},"end":{"line":100,"column":16}},"21":{"start":{"line":103,"column":16},"end":{"line":103,"column":63}},"22":{"start":{"line":104,"column":16},"end":{"line":104,"column":63}},"23":{"start":{"line":105,"column":19},"end":{"line":105,"column":68}},"24":{"start":{"line":107,"column":0},"end":{"line":116,"column":2}}},"fnMap":{"0":{"name":"commonBeforeAll","decl":{"start":{"line":11,"column":15},"end":{"line":11,"column":30}},"loc":{"start":{"line":11,"column":33},"end":{"line":89,"column":1}},"line":11},"1":{"name":"commonBeforeEach","decl":{"start":{"line":91,"column":15},"end":{"line":91,"column":31}},"loc":{"start":{"line":91,"column":34},"end":{"line":93,"column":1}},"line":91},"2":{"name":"commonAfterEach","decl":{"start":{"line":95,"column":15},"end":{"line":95,"column":30}},"loc":{"start":{"line":95,"column":33},"end":{"line":97,"column":1}},"line":95},"3":{"name":"commonAfterAll","decl":{"start":{"line":99,"column":15},"end":{"line":99,"column":29}},"loc":{"start":{"line":99,"column":32},"end":{"line":101,"column":1}},"line":99}},"branchMap":{},"s":{"0":3,"1":3,"2":3,"3":3,"4":3,"5":3,"6":3,"7":3,"8":3,"9":3,"10":3,"11":3,"12":3,"13":3,"14":3,"15":3,"16":3,"17":3,"18":43,"19":43,"20":3,"21":3,"22":3,"23":3,"24":3},"f":{"0":3,"1":43,"2":43,"3":3},"b":{},"_coverageSchema":"1a1c01bbd47fc00a2c39e90264f33305004495a9","hash":"15dab6bf260aa726d1ea1c4358bb9d883fda8434"}
,"/Users/nicksalvetti/Dropbox/Mac/Documents/springboard/42_section_2/express-jobly/routes/auth.js": {"path":"/Users/nicksalvetti/Dropbox/Mac/Documents/springboard/42_section_2/express-jobly/routes/auth.js","statementMap":{"0":{"start":{"line":5,"column":19},"end":{"line":5,"column":40}},"1":{"start":{"line":7,"column":13},"end":{"line":7,"column":38}},"2":{"start":{"line":8,"column":16},"end":{"line":8,"column":34}},"3":{"start":{"line":9,"column":15},"end":{"line":9,"column":35}},"4":{"start":{"line":10,"column":24},"end":{"line":10,"column":52}},"5":{"start":{"line":11,"column":23},"end":{"line":11,"column":58}},"6":{"start":{"line":12,"column":27},"end":{"line":12,"column":66}},"7":{"start":{"line":13,"column":28},"end":{"line":13,"column":54}},"8":{"start":{"line":22,"column":0},"end":{"line":37,"column":3}},"9":{"start":{"line":23,"column":2},"end":{"line":36,"column":3}},"10":{"start":{"line":24,"column":22},"end":{"line":24,"column":67}},"11":{"start":{"line":25,"column":4},"end":{"line":28,"column":5}},"12":{"start":{"line":26,"column":19},"end":{"line":26,"column":53}},"13":{"start":{"line":26,"column":45},"end":{"line":26,"column":52}},"14":{"start":{"line":27,"column":6},"end":{"line":27,"column":38}},"15":{"start":{"line":30,"column":35},"end":{"line":30,"column":43}},"16":{"start":{"line":31,"column":17},"end":{"line":31,"column":60}},"17":{"start":{"line":32,"column":18},"end":{"line":32,"column":35}},"18":{"start":{"line":33,"column":4},"end":{"line":33,"column":31}},"19":{"start":{"line":35,"column":4},"end":{"line":35,"column":21}},"20":{"start":{"line":49,"column":0},"end":{"line":63,"column":3}},"21":{"start":{"line":50,"column":2},"end":{"line":62,"column":3}},"22":{"start":{"line":51,"column":22},"end":{"line":51,"column":71}},"23":{"start":{"line":52,"column":4},"end":{"line":55,"column":5}},"24":{"start":{"line":53,"column":19},"end":{"line":53,"column":53}},"25":{"start":{"line":53,"column":45},"end":{"line":53,"column":52}},"26":{"start":{"line":54,"column":6},"end":{"line":54,"column":38}},"27":{"start":{"line":57,"column":20},"end":{"line":57,"column":72}},"28":{"start":{"line":58,"column":18},"end":{"line":58,"column":38}},"29":{"start":{"line":59,"column":4},"end":{"line":59,"column":43}},"30":{"start":{"line":61,"column":4},"end":{"line":61,"column":21}},"31":{"start":{"line":66,"column":0},"end":{"line":66,"column":24}}},"fnMap":{"0":{"name":"(anonymous_0)","decl":{"start":{"line":22,"column":22},"end":{"line":22,"column":23}},"loc":{"start":{"line":22,"column":54},"end":{"line":37,"column":1}},"line":22},"1":{"name":"(anonymous_1)","decl":{"start":{"line":26,"column":40},"end":{"line":26,"column":41}},"loc":{"start":{"line":26,"column":45},"end":{"line":26,"column":52}},"line":26},"2":{"name":"(anonymous_2)","decl":{"start":{"line":49,"column":25},"end":{"line":49,"column":26}},"loc":{"start":{"line":49,"column":57},"end":{"line":63,"column":1}},"line":49},"3":{"name":"(anonymous_3)","decl":{"start":{"line":53,"column":40},"end":{"line":53,"column":41}},"loc":{"start":{"line":53,"column":45},"end":{"line":53,"column":52}},"line":53}},"branchMap":{"0":{"loc":{"start":{"line":25,"column":4},"end":{"line":28,"column":5}},"type":"if","locations":[{"start":{"line":25,"column":4},"end":{"line":28,"column":5}},{"start":{},"end":{}}],"line":25},"1":{"loc":{"start":{"line":52,"column":4},"end":{"line":55,"column":5}},"type":"if","locations":[{"start":{"line":52,"column":4},"end":{"line":55,"column":5}},{"start":{},"end":{}}],"line":52}},"s":{"0":4,"1":4,"2":4,"3":4,"4":4,"5":4,"6":4,"7":4,"8":4,"9":5,"10":5,"11":5,"12":2,"13":2,"14":2,"15":3,"16":3,"17":1,"18":1,"19":4,"20":4,"21":3,"22":3,"23":3,"24":2,"25":5,"26":2,"27":1,"28":1,"29":1,"30":2,"31":4},"f":{"0":5,"1":2,"2":3,"3":5},"b":{"0":[2,3],"1":[2,1]},"_coverageSchema":"1a1c01bbd47fc00a2c39e90264f33305004495a9","hash":"dc7f195c308c5acb907b7c2dd691ef08d1ce50e7"}
,"/Users/nicksalvetti/Dropbox/Mac/Documents/springboard/42_section_2/express-jobly/routes/companies.js": {"path":"/Users/nicksalvetti/Dropbox/Mac/Documents/springboard/42_section_2/express-jobly/routes/companies.js","statementMap":{"0":{"start":{"line":5,"column":19},"end":{"line":5,"column":40}},"1":{"start":{"line":6,"column":16},"end":{"line":6,"column":34}},"2":{"start":{"line":8,"column":28},"end":{"line":8,"column":54}},"3":{"start":{"line":9,"column":27},"end":{"line":9,"column":56}},"4":{"start":{"line":10,"column":16},"end":{"line":10,"column":44}},"5":{"start":{"line":12,"column":25},"end":{"line":12,"column":62}},"6":{"start":{"line":13,"column":28},"end":{"line":13,"column":68}},"7":{"start":{"line":14,"column":28},"end":{"line":14,"column":68}},"8":{"start":{"line":16,"column":15},"end":{"line":16,"column":35}},"9":{"start":{"line":27,"column":0},"end":{"line":40,"column":3}},"10":{"start":{"line":28,"column":1},"end":{"line":39,"column":2}},"11":{"start":{"line":29,"column":20},"end":{"line":29,"column":67}},"12":{"start":{"line":30,"column":2},"end":{"line":33,"column":3}},"13":{"start":{"line":31,"column":16},"end":{"line":31,"column":52}},"14":{"start":{"line":31,"column":44},"end":{"line":31,"column":51}},"15":{"start":{"line":32,"column":3},"end":{"line":32,"column":35}},"16":{"start":{"line":35,"column":18},"end":{"line":35,"column":48}},"17":{"start":{"line":36,"column":2},"end":{"line":36,"column":43}},"18":{"start":{"line":38,"column":2},"end":{"line":38,"column":19}},"19":{"start":{"line":53,"column":0},"end":{"line":68,"column":3}},"20":{"start":{"line":54,"column":11},"end":{"line":54,"column":20}},"21":{"start":{"line":55,"column":1},"end":{"line":55,"column":71}},"22":{"start":{"line":55,"column":36},"end":{"line":55,"column":71}},"23":{"start":{"line":56,"column":1},"end":{"line":56,"column":71}},"24":{"start":{"line":56,"column":36},"end":{"line":56,"column":71}},"25":{"start":{"line":57,"column":1},"end":{"line":67,"column":2}},"26":{"start":{"line":58,"column":20},"end":{"line":58,"column":63}},"27":{"start":{"line":59,"column":2},"end":{"line":62,"column":3}},"28":{"start":{"line":60,"column":13},"end":{"line":60,"column":49}},"29":{"start":{"line":60,"column":41},"end":{"line":60,"column":48}},"30":{"start":{"line":61,"column":3},"end":{"line":61,"column":32}},"31":{"start":{"line":63,"column":20},"end":{"line":63,"column":43}},"32":{"start":{"line":64,"column":2},"end":{"line":64,"column":33}},"33":{"start":{"line":66,"column":2},"end":{"line":66,"column":19}},"34":{"start":{"line":78,"column":0},"end":{"line":85,"column":3}},"35":{"start":{"line":79,"column":1},"end":{"line":84,"column":2}},"36":{"start":{"line":80,"column":18},"end":{"line":80,"column":54}},"37":{"start":{"line":81,"column":2},"end":{"line":81,"column":31}},"38":{"start":{"line":83,"column":2},"end":{"line":83,"column":19}},"39":{"start":{"line":98,"column":0},"end":{"line":111,"column":3}},"40":{"start":{"line":99,"column":1},"end":{"line":110,"column":2}},"41":{"start":{"line":100,"column":20},"end":{"line":100,"column":70}},"42":{"start":{"line":101,"column":2},"end":{"line":104,"column":3}},"43":{"start":{"line":102,"column":16},"end":{"line":102,"column":52}},"44":{"start":{"line":102,"column":44},"end":{"line":102,"column":51}},"45":{"start":{"line":103,"column":3},"end":{"line":103,"column":35}},"46":{"start":{"line":106,"column":18},"end":{"line":106,"column":67}},"47":{"start":{"line":107,"column":2},"end":{"line":107,"column":31}},"48":{"start":{"line":109,"column":2},"end":{"line":109,"column":19}},"49":{"start":{"line":118,"column":0},"end":{"line":125,"column":3}},"50":{"start":{"line":119,"column":1},"end":{"line":124,"column":2}},"51":{"start":{"line":120,"column":2},"end":{"line":120,"column":42}},"52":{"start":{"line":121,"column":2},"end":{"line":121,"column":50}},"53":{"start":{"line":123,"column":2},"end":{"line":123,"column":19}},"54":{"start":{"line":127,"column":0},"end":{"line":127,"column":24}}},"fnMap":{"0":{"name":"(anonymous_0)","decl":{"start":{"line":27,"column":33},"end":{"line":27,"column":34}},"loc":{"start":{"line":27,"column":65},"end":{"line":40,"column":1}},"line":27},"1":{"name":"(anonymous_1)","decl":{"start":{"line":31,"column":37},"end":{"line":31,"column":38}},"loc":{"start":{"line":31,"column":44},"end":{"line":31,"column":51}},"line":31},"2":{"name":"(anonymous_2)","decl":{"start":{"line":53,"column":16},"end":{"line":53,"column":17}},"loc":{"start":{"line":53,"column":48},"end":{"line":68,"column":1}},"line":53},"3":{"name":"(anonymous_3)","decl":{"start":{"line":60,"column":34},"end":{"line":60,"column":35}},"loc":{"start":{"line":60,"column":41},"end":{"line":60,"column":48}},"line":60},"4":{"name":"(anonymous_4)","decl":{"start":{"line":78,"column":23},"end":{"line":78,"column":24}},"loc":{"start":{"line":78,"column":55},"end":{"line":85,"column":1}},"line":78},"5":{"name":"(anonymous_5)","decl":{"start":{"line":98,"column":41},"end":{"line":98,"column":42}},"loc":{"start":{"line":98,"column":73},"end":{"line":111,"column":1}},"line":98},"6":{"name":"(anonymous_6)","decl":{"start":{"line":102,"column":37},"end":{"line":102,"column":38}},"loc":{"start":{"line":102,"column":44},"end":{"line":102,"column":51}},"line":102},"7":{"name":"(anonymous_7)","decl":{"start":{"line":118,"column":42},"end":{"line":118,"column":43}},"loc":{"start":{"line":118,"column":74},"end":{"line":125,"column":1}},"line":118}},"branchMap":{"0":{"loc":{"start":{"line":30,"column":2},"end":{"line":33,"column":3}},"type":"if","locations":[{"start":{"line":30,"column":2},"end":{"line":33,"column":3}},{"start":{},"end":{}}],"line":30},"1":{"loc":{"start":{"line":55,"column":1},"end":{"line":55,"column":71}},"type":"if","locations":[{"start":{"line":55,"column":1},"end":{"line":55,"column":71}},{"start":{},"end":{}}],"line":55},"2":{"loc":{"start":{"line":56,"column":1},"end":{"line":56,"column":71}},"type":"if","locations":[{"start":{"line":56,"column":1},"end":{"line":56,"column":71}},{"start":{},"end":{}}],"line":56},"3":{"loc":{"start":{"line":59,"column":2},"end":{"line":62,"column":3}},"type":"if","locations":[{"start":{"line":59,"column":2},"end":{"line":62,"column":3}},{"start":{},"end":{}}],"line":59},"4":{"loc":{"start":{"line":101,"column":2},"end":{"line":104,"column":3}},"type":"if","locations":[{"start":{"line":101,"column":2},"end":{"line":104,"column":3}},{"start":{},"end":{}}],"line":101}},"s":{"0":4,"1":4,"2":4,"3":4,"4":4,"5":4,"6":4,"7":4,"8":4,"9":4,"10":3,"11":3,"12":3,"13":2,"14":3,"15":2,"16":1,"17":1,"18":2,"19":4,"20":1,"21":1,"22":0,"23":0,"24":0,"25":0,"26":0,"27":0,"28":0,"29":0,"30":0,"31":0,"32":0,"33":0,"34":4,"35":3,"36":3,"37":2,"38":1,"39":4,"40":4,"41":4,"42":4,"43":2,"44":2,"45":2,"46":2,"47":1,"48":3,"49":4,"50":3,"51":3,"52":2,"53":1,"54":4},"f":{"0":3,"1":3,"2":1,"3":0,"4":3,"5":4,"6":2,"7":3},"b":{"0":[2,1],"1":[0,0],"2":[0,0],"3":[0,0],"4":[2,2]},"_coverageSchema":"1a1c01bbd47fc00a2c39e90264f33305004495a9","hash":"a72c57759326cee3aa6cd35f1733b57538fa4a42"}
,"/Users/nicksalvetti/Dropbox/Mac/Documents/springboard/42_section_2/express-jobly/routes/users.js": {"path":"/Users/nicksalvetti/Dropbox/Mac/Documents/springboard/42_section_2/express-jobly/routes/users.js","statementMap":{"0":{"start":{"line":5,"column":19},"end":{"line":5,"column":40}},"1":{"start":{"line":7,"column":16},"end":{"line":7,"column":34}},"2":{"start":{"line":8,"column":27},"end":{"line":8,"column":56}},"3":{"start":{"line":9,"column":28},"end":{"line":9,"column":54}},"4":{"start":{"line":10,"column":13},"end":{"line":10,"column":38}},"5":{"start":{"line":11,"column":24},"end":{"line":11,"column":52}},"6":{"start":{"line":12,"column":22},"end":{"line":12,"column":56}},"7":{"start":{"line":13,"column":25},"end":{"line":13,"column":62}},"8":{"start":{"line":15,"column":15},"end":{"line":15,"column":31}},"9":{"start":{"line":30,"column":0},"end":{"line":44,"column":3}},"10":{"start":{"line":31,"column":2},"end":{"line":43,"column":3}},"11":{"start":{"line":32,"column":22},"end":{"line":32,"column":66}},"12":{"start":{"line":33,"column":4},"end":{"line":36,"column":5}},"13":{"start":{"line":34,"column":19},"end":{"line":34,"column":53}},"14":{"start":{"line":34,"column":45},"end":{"line":34,"column":52}},"15":{"start":{"line":35,"column":6},"end":{"line":35,"column":38}},"16":{"start":{"line":38,"column":17},"end":{"line":38,"column":46}},"17":{"start":{"line":39,"column":18},"end":{"line":39,"column":35}},"18":{"start":{"line":40,"column":4},"end":{"line":40,"column":49}},"19":{"start":{"line":42,"column":4},"end":{"line":42,"column":21}},"20":{"start":{"line":54,"column":0},"end":{"line":61,"column":3}},"21":{"start":{"line":55,"column":2},"end":{"line":60,"column":3}},"22":{"start":{"line":56,"column":18},"end":{"line":56,"column":38}},"23":{"start":{"line":57,"column":4},"end":{"line":57,"column":31}},"24":{"start":{"line":59,"column":4},"end":{"line":59,"column":21}},"25":{"start":{"line":71,"column":0},"end":{"line":78,"column":3}},"26":{"start":{"line":72,"column":2},"end":{"line":77,"column":3}},"27":{"start":{"line":73,"column":17},"end":{"line":73,"column":52}},"28":{"start":{"line":74,"column":4},"end":{"line":74,"column":30}},"29":{"start":{"line":76,"column":4},"end":{"line":76,"column":21}},"30":{"start":{"line":91,"column":0},"end":{"line":104,"column":3}},"31":{"start":{"line":92,"column":2},"end":{"line":103,"column":3}},"32":{"start":{"line":93,"column":22},"end":{"line":93,"column":69}},"33":{"start":{"line":94,"column":4},"end":{"line":97,"column":5}},"34":{"start":{"line":95,"column":19},"end":{"line":95,"column":53}},"35":{"start":{"line":95,"column":45},"end":{"line":95,"column":52}},"36":{"start":{"line":96,"column":6},"end":{"line":96,"column":38}},"37":{"start":{"line":99,"column":17},"end":{"line":99,"column":65}},"38":{"start":{"line":100,"column":4},"end":{"line":100,"column":30}},"39":{"start":{"line":102,"column":4},"end":{"line":102,"column":21}},"40":{"start":{"line":112,"column":0},"end":{"line":119,"column":3}},"41":{"start":{"line":113,"column":2},"end":{"line":118,"column":3}},"42":{"start":{"line":114,"column":4},"end":{"line":114,"column":43}},"43":{"start":{"line":115,"column":4},"end":{"line":115,"column":54}},"44":{"start":{"line":117,"column":4},"end":{"line":117,"column":21}},"45":{"start":{"line":122,"column":0},"end":{"line":122,"column":24}}},"fnMap":{"0":{"name":"(anonymous_0)","decl":{"start":{"line":30,"column":33},"end":{"line":30,"column":34}},"loc":{"start":{"line":30,"column":65},"end":{"line":44,"column":1}},"line":30},"1":{"name":"(anonymous_1)","decl":{"start":{"line":34,"column":40},"end":{"line":34,"column":41}},"loc":{"start":{"line":34,"column":45},"end":{"line":34,"column":52}},"line":34},"2":{"name":"(anonymous_2)","decl":{"start":{"line":54,"column":32},"end":{"line":54,"column":33}},"loc":{"start":{"line":54,"column":64},"end":{"line":61,"column":1}},"line":54},"3":{"name":"(anonymous_3)","decl":{"start":{"line":71,"column":41},"end":{"line":71,"column":42}},"loc":{"start":{"line":71,"column":73},"end":{"line":78,"column":1}},"line":71},"4":{"name":"(anonymous_4)","decl":{"start":{"line":91,"column":43},"end":{"line":91,"column":44}},"loc":{"start":{"line":91,"column":75},"end":{"line":104,"column":1}},"line":91},"5":{"name":"(anonymous_5)","decl":{"start":{"line":95,"column":40},"end":{"line":95,"column":41}},"loc":{"start":{"line":95,"column":45},"end":{"line":95,"column":52}},"line":95},"6":{"name":"(anonymous_6)","decl":{"start":{"line":112,"column":44},"end":{"line":112,"column":45}},"loc":{"start":{"line":112,"column":76},"end":{"line":119,"column":1}},"line":112}},"branchMap":{"0":{"loc":{"start":{"line":33,"column":4},"end":{"line":36,"column":5}},"type":"if","locations":[{"start":{"line":33,"column":4},"end":{"line":36,"column":5}},{"start":{},"end":{}}],"line":33},"1":{"loc":{"start":{"line":94,"column":4},"end":{"line":97,"column":5}},"type":"if","locations":[{"start":{"line":94,"column":4},"end":{"line":97,"column":5}},{"start":{},"end":{}}],"line":94}},"s":{"0":4,"1":4,"2":4,"3":4,"4":4,"5":4,"6":4,"7":4,"8":4,"9":4,"10":4,"11":4,"12":4,"13":2,"14":5,"15":2,"16":2,"17":2,"18":2,"19":2,"20":4,"21":2,"22":2,"23":1,"24":1,"25":4,"26":2,"27":2,"28":1,"29":1,"30":4,"31":4,"32":4,"33":4,"34":1,"35":1,"36":1,"37":3,"38":2,"39":2,"40":4,"41":2,"42":2,"43":1,"44":1,"45":4},"f":{"0":4,"1":5,"2":2,"3":2,"4":4,"5":1,"6":2},"b":{"0":[2,2],"1":[1,3]},"_coverageSchema":"1a1c01bbd47fc00a2c39e90264f33305004495a9","hash":"e2d2cb972f4f1056d80db8cd03c485d0b8b6c6f5"}
}
