TN:
SF:app.js
FN:30,(anonymous_0)
FN:35,(anonymous_1)
FNF:2
FNH:2
FNDA:2,(anonymous_0)
FNDA:29,(anonymous_1)
DA:5,4
DA:6,4
DA:8,4
DA:10,4
DA:11,4
DA:12,4
DA:13,4
DA:15,4
DA:17,4
DA:19,4
DA:20,4
DA:21,4
DA:22,4
DA:24,4
DA:25,4
DA:26,4
DA:30,4
DA:31,2
DA:35,4
DA:36,29
DA:37,29
DA:38,29
DA:40,29
DA:45,4
LF:24
LH:24
BRDA:36,0,0,1
BRDA:36,0,1,28
BRDA:37,1,0,29
BRDA:37,1,1,1
BRF:4
BRH:4
end_of_record
TN:
SF:config.js
FN:16,getDatabaseUri
FNF:1
FNH:1
FNDA:18,getDatabaseUri
DA:5,10
DA:6,10
DA:8,10
DA:10,10
DA:12,10
DA:13,10
DA:17,18
DA:25,10
DA:27,10
DA:28,10
DA:29,10
DA:30,10
DA:31,10
DA:32,10
DA:34,10
LF:15
LH:15
BRDA:8,0,0,10
BRDA:8,0,1,9
BRDA:10,1,0,10
BRDA:10,1,1,9
BRDA:17,2,0,16
BRDA:17,2,1,2
BRDA:25,3,0,9
BRDA:25,3,1,1
BRF:8
BRH:8
end_of_record
TN:
SF:db.js
FNF:0
FNH:0
DA:3,7
DA:4,7
DA:8,7
DA:9,0
DA:16,7
DA:21,7
DA:23,7
LF:7
LH:6
BRDA:8,0,0,0
BRDA:8,0,1,7
BRF:2
BRH:1
end_of_record
TN:
SF:expressError.js
FN:8,(anonymous_0)
FN:18,(anonymous_1)
FN:26,(anonymous_2)
FN:34,(anonymous_3)
FN:42,(anonymous_4)
FNF:5
FNH:4
FNDA:48,(anonymous_0)
FNDA:19,(anonymous_1)
FNDA:12,(anonymous_2)
FNDA:17,(anonymous_3)
FNDA:0,(anonymous_4)
DA:9,48
DA:10,48
DA:11,48
DA:19,19
DA:27,12
DA:35,17
DA:43,0
DA:47,9
LF:8
LH:7
BRDA:18,0,0,2
BRDA:26,1,0,8
BRDA:34,2,0,0
BRDA:42,3,0,0
BRF:4
BRH:2
end_of_record
TN:
SF:helpers/sql.js
FN:20,sqlForPartialUpdate
FN:25,(anonymous_1)
FNF:2
FNH:2
FNDA:18,sqlForPartialUpdate
FNDA:30,(anonymous_1)
DA:1,8
DA:21,18
DA:22,18
DA:25,15
DA:26,30
DA:29,15
DA:35,8
LF:7
LH:7
BRDA:22,0,0,3
BRDA:22,0,1,15
BRDA:26,1,0,30
BRDA:26,1,1,16
BRF:4
BRH:4
end_of_record
TN:
SF:helpers/tokens.js
FN:6,createToken
FNF:1
FNH:1
FNDA:16,createToken
DA:1,5
DA:2,5
DA:7,16
DA:10,16
DA:15,16
DA:18,5
LF:6
LH:6
BRDA:12,0,0,16
BRDA:12,0,1,11
BRF:2
BRH:2
end_of_record
TN:
SF:middleware/auth.js
FN:18,authenticateJWT
FN:36,ensureLoggedIn
FNF:2
FNH:2
FNDA:48,authenticateJWT
FNDA:33,ensureLoggedIn
DA:5,5
DA:6,5
DA:7,5
DA:19,48
DA:20,48
DA:21,48
DA:22,27
DA:23,27
DA:25,47
DA:27,1
DA:37,33
DA:38,33
DA:39,25
DA:41,8
DA:46,5
LF:15
LH:15
BRDA:20,0,0,48
BRDA:20,0,1,47
BRDA:21,1,0,27
BRDA:21,1,1,21
BRDA:38,2,0,8
BRDA:38,2,1,25
BRF:6
BRH:6
end_of_record
TN:
SF:models/_testCommon.js
FN:8,commonBeforeAll
FN:27,(anonymous_1)
FN:49,commonBeforeEach
FN:53,commonAfterEach
FN:57,commonAfterAll
FNF:5
FNH:5
FNDA:3,commonBeforeAll
FNDA:12,(anonymous_1)
FNDA:48,commonBeforeEach
FNDA:48,commonAfterEach
FNDA:3,commonAfterAll
DA:1,3
DA:3,3
DA:4,3
DA:6,3
DA:10,3
DA:12,3
DA:14,3
DA:20,3
DA:27,12
DA:29,3
DA:43,3
DA:50,48
DA:54,48
DA:58,3
DA:62,3
LF:15
LH:15
BRF:0
BRH:0
end_of_record
TN:
SF:models/company.js
FN:19,(anonymous_0)
FN:57,(anonymous_1)
FN:110,(anonymous_2)
FN:150,(anonymous_3)
FN:180,(anonymous_4)
FNF:5
FNH:5
FNDA:13,(anonymous_0)
FNDA:7,(anonymous_1)
FNDA:5,(anonymous_2)
FNDA:6,(anonymous_3)
FNDA:5,(anonymous_4)
DA:3,5
DA:4,5
DA:5,5
DA:20,13
DA:26,13
DA:27,1
DA:29,12
DA:42,12
DA:44,12
DA:58,7
DA:64,7
DA:65,7
DA:67,7
DA:69,7
DA:70,1
DA:76,6
DA:77,2
DA:78,2
DA:81,6
DA:82,2
DA:83,2
DA:86,6
DA:87,2
DA:88,2
DA:91,6
DA:92,5
DA:97,6
DA:98,6
DA:99,6
DA:111,5
DA:121,5
DA:123,5
DA:125,3
DA:133,3
DA:135,3
DA:151,6
DA:157,5
DA:159,5
DA:167,5
DA:168,5
DA:170,5
DA:172,3
DA:181,5
DA:187,5
DA:189,5
DA:194,5
LF:46
LH:46
BRDA:26,0,0,1
BRDA:26,0,1,12
BRDA:57,1,0,1
BRDA:69,2,0,1
BRDA:69,2,1,6
BRDA:76,3,0,2
BRDA:76,3,1,4
BRDA:81,4,0,2
BRDA:81,4,1,4
BRDA:86,5,0,2
BRDA:86,5,1,4
BRDA:91,6,0,5
BRDA:91,6,1,1
BRDA:123,7,0,2
BRDA:123,7,1,3
BRDA:170,8,0,2
BRDA:170,8,1,3
BRDA:189,9,0,2
BRDA:189,9,1,3
BRF:19
BRH:19
end_of_record
TN:
SF:models/job.js
FN:17,(anonymous_0)
FN:42,(anonymous_1)
FN:90,(anonymous_2)
FN:135,(anonymous_3)
FN:160,(anonymous_4)
FNF:5
FNH:5
FNDA:10,(anonymous_0)
FNDA:5,(anonymous_1)
FNDA:2,(anonymous_2)
FNDA:3,(anonymous_3)
FNDA:2,(anonymous_4)
DA:3,4
DA:4,4
DA:5,4
DA:18,10
DA:27,10
DA:29,10
DA:43,5
DA:51,5
DA:52,5
DA:57,5
DA:58,2
DA:59,2
DA:62,5
DA:63,2
DA:66,5
DA:67,1
DA:68,1
DA:71,5
DA:72,4
DA:77,5
DA:78,5
DA:79,5
DA:91,2
DA:102,2
DA:104,2
DA:106,1
DA:117,1
DA:118,1
DA:120,1
DA:136,3
DA:137,2
DA:139,2
DA:147,2
DA:148,2
DA:150,2
DA:152,1
DA:161,2
DA:168,2
DA:170,2
DA:174,4
LF:40
LH:40
BRDA:42,0,0,1
BRDA:57,1,0,2
BRDA:57,1,1,3
BRDA:62,2,0,2
BRDA:62,2,1,3
BRDA:66,3,0,1
BRDA:66,3,1,4
BRDA:71,4,0,4
BRDA:71,4,1,1
BRDA:104,5,0,1
BRDA:104,5,1,1
BRDA:150,6,0,1
BRDA:150,6,1,1
BRDA:170,7,0,1
BRDA:170,7,1,1
BRF:15
BRH:15
end_of_record
TN:
SF:models/user.js
FN:24,(anonymous_0)
FN:59,(anonymous_1)
FN:104,(anonymous_2)
FN:126,(anonymous_3)
FN:147,(anonymous_4)
FN:168,(anonymous_5)
FN:201,(anonymous_6)
FN:220,(anonymous_7)
FNF:8
FNH:8
FNDA:7,(anonymous_0)
FNDA:16,(anonymous_1)
FNDA:3,(anonymous_2)
FNDA:4,(anonymous_3)
FNDA:2,(anonymous_4)
FNDA:7,(anonymous_5)
FNDA:4,(anonymous_6)
FNDA:6,(anonymous_7)
DA:3,5
DA:4,5
DA:5,5
DA:10,5
DA:12,5
DA:26,7
DA:38,7
DA:40,7
DA:42,4
DA:43,4
DA:44,3
DA:45,3
DA:49,4
DA:61,16
DA:68,16
DA:69,1
DA:72,15
DA:74,15
DA:94,15
DA:96,15
DA:105,3
DA:115,2
DA:127,4
DA:138,4
DA:140,4
DA:142,2
DA:147,2
DA:148,2
DA:169,7
DA:170,2
DA:173,7
DA:180,6
DA:182,6
DA:190,6
DA:191,6
DA:193,6
DA:195,4
DA:196,4
DA:202,4
DA:209,4
DA:211,4
DA:221,6
DA:225,6
DA:227,6
DA:229,5
DA:233,5
DA:235,5
DA:237,4
DA:245,5
LF:49
LH:49
BRDA:40,0,0,4
BRDA:40,0,1,3
BRDA:43,1,0,3
BRDA:43,1,1,1
BRDA:68,2,0,1
BRDA:68,2,1,15
BRDA:140,3,0,2
BRDA:140,3,1,2
BRDA:169,4,0,2
BRDA:169,4,1,5
BRDA:193,5,0,2
BRDA:193,5,1,4
BRDA:211,6,0,2
BRDA:211,6,1,2
BRDA:227,7,0,1
BRDA:227,7,1,5
BRDA:235,8,0,1
BRDA:235,8,1,4
BRF:18
BRH:18
end_of_record
TN:
SF:routes/_testCommon.js
FN:11,commonBeforeAll
FN:91,commonBeforeEach
FN:95,commonAfterEach
FN:99,commonAfterAll
FNF:4
FNH:4
FNDA:3,commonBeforeAll
FNDA:43,commonBeforeEach
FNDA:43,commonAfterEach
FNDA:3,commonAfterAll
DA:3,3
DA:4,3
DA:5,3
DA:6,3
DA:7,3
DA:9,3
DA:13,3
DA:15,3
DA:17,3
DA:24,3
DA:31,3
DA:39,3
DA:47,3
DA:55,3
DA:63,3
DA:71,3
DA:79,3
DA:88,3
DA:92,43
DA:96,43
DA:100,3
DA:103,3
DA:104,3
DA:105,3
DA:107,3
LF:25
LH:25
BRF:0
BRH:0
end_of_record
TN:
SF:routes/auth.js
FN:22,(anonymous_0)
FN:26,(anonymous_1)
FN:49,(anonymous_2)
FN:53,(anonymous_3)
FNF:4
FNH:4
FNDA:5,(anonymous_0)
FNDA:2,(anonymous_1)
FNDA:3,(anonymous_2)
FNDA:5,(anonymous_3)
DA:5,4
DA:7,4
DA:8,4
DA:9,4
DA:10,4
DA:11,4
DA:12,4
DA:13,4
DA:22,4
DA:23,5
DA:24,5
DA:25,5
DA:26,2
DA:27,2
DA:30,3
DA:31,3
DA:32,1
DA:33,1
DA:35,4
DA:49,4
DA:50,3
DA:51,3
DA:52,3
DA:53,5
DA:54,2
DA:57,1
DA:58,1
DA:59,1
DA:61,2
DA:66,4
LF:30
LH:30
BRDA:25,0,0,2
BRDA:25,0,1,3
BRDA:52,1,0,2
BRDA:52,1,1,1
BRF:4
BRH:4
end_of_record
TN:
SF:routes/companies.js
FN:27,(anonymous_0)
FN:31,(anonymous_1)
FN:53,(anonymous_2)
FN:60,(anonymous_3)
FN:78,(anonymous_4)
FN:98,(anonymous_5)
FN:102,(anonymous_6)
FN:118,(anonymous_7)
FNF:8
FNH:7
FNDA:3,(anonymous_0)
FNDA:3,(anonymous_1)
FNDA:1,(anonymous_2)
FNDA:0,(anonymous_3)
FNDA:3,(anonymous_4)
FNDA:4,(anonymous_5)
FNDA:2,(anonymous_6)
FNDA:3,(anonymous_7)
DA:5,4
DA:6,4
DA:8,4
DA:9,4
DA:10,4
DA:12,4
DA:13,4
DA:14,4
DA:16,4
DA:27,4
DA:28,3
DA:29,3
DA:30,3
DA:31,3
DA:32,2
DA:35,1
DA:36,1
DA:38,2
DA:53,4
DA:54,1
DA:55,1
DA:56,0
DA:57,0
DA:58,0
DA:59,0
DA:60,0
DA:61,0
DA:63,0
DA:64,0
DA:66,0
DA:78,4
DA:79,3
DA:80,3
DA:81,2
DA:83,1
DA:98,4
DA:99,4
DA:100,4
DA:101,4
DA:102,2
DA:103,2
DA:106,2
DA:107,1
DA:109,3
DA:118,4
DA:119,3
DA:120,3
DA:121,2
DA:123,1
DA:127,4
LF:50
LH:41
BRDA:30,0,0,2
BRDA:30,0,1,1
BRDA:55,1,0,0
BRDA:55,1,1,0
BRDA:56,2,0,0
BRDA:56,2,1,0
BRDA:59,3,0,0
BRDA:59,3,1,0
BRDA:101,4,0,2
BRDA:101,4,1,2
BRF:10
BRH:4
end_of_record
TN:
SF:routes/users.js
FN:30,(anonymous_0)
FN:34,(anonymous_1)
FN:54,(anonymous_2)
FN:71,(anonymous_3)
FN:91,(anonymous_4)
FN:95,(anonymous_5)
FN:112,(anonymous_6)
FNF:7
FNH:7
FNDA:4,(anonymous_0)
FNDA:5,(anonymous_1)
FNDA:2,(anonymous_2)
FNDA:2,(anonymous_3)
FNDA:4,(anonymous_4)
FNDA:1,(anonymous_5)
FNDA:2,(anonymous_6)
DA:5,4
DA:7,4
DA:8,4
DA:9,4
DA:10,4
DA:11,4
DA:12,4
DA:13,4
DA:15,4
DA:30,4
DA:31,4
DA:32,4
DA:33,4
DA:34,5
DA:35,2
DA:38,2
DA:39,2
DA:40,2
DA:42,2
DA:54,4
DA:55,2
DA:56,2
DA:57,1
DA:59,1
DA:71,4
DA:72,2
DA:73,2
DA:74,1
DA:76,1
DA:91,4
DA:92,4
DA:93,4
DA:94,4
DA:95,1
DA:96,1
DA:99,3
DA:100,2
DA:102,2
DA:112,4
DA:113,2
DA:114,2
DA:115,1
DA:117,1
DA:122,4
LF:44
LH:44
BRDA:33,0,0,2
BRDA:33,0,1,2
BRDA:94,1,0,1
BRDA:94,1,1,3
BRF:4
BRH:4
end_of_record
